{"timestamp":"2025-07-26T06:58:47.871Z","videoId":"Aw3G2jR-5IM","pauseTime":"2025-07-26T06:58:47.867Z","interval":1,"type":"AUTO_PAUSE"},
{"timestamp":"2025-07-26T07:00:18.989Z","videoId":"Aw3G2jR-5IM","pauseTime":"2025-07-26T07:00:18.986Z","interval":1,"type":"AUTO_PAUSE"},
{"timestamp":"2025-07-26T09:45:04.858Z","videoId":"dQw4w9WgXcQ","pauseTime":"2025-07-26T09:45:04.857Z","interval":1,"type":"AUTO_PAUSE"},
{"timestamp":"2025-07-26T09:46:29.143Z","videoId":"dQw4w9WgXcQ","pauseTime":"2025-07-26T09:46:29.133Z","interval":0.9195166666666666,"type":"AUTO_PAUSE"},
{"timestamp":"2025-07-26T10:06:42.784Z","videoId":"dQw4w9WgXcQ","pauseTime":"2025-07-26T10:06:42.777Z","interval":0.9935666666666667,"type":"AUTO_PAUSE"},
{"timestamp":"2025-07-26T10:09:31.270Z","videoId":"dQw4w9WgXcQ","pauseTime":"2025-07-26T10:09:31.259Z","interval":1,"type":"AUTO_PAUSE"},
{"timestamp":"2025-07-26T10:16:06.131Z","videoId":"dQw4w9WgXcQ","pauseTime":"2025-07-26T10:16:06.126Z","interval":0.04228333333333333,"type":"AUTO_PAUSE"},
{"timestamp":"2025-07-26T10:16:18.063Z","videoId":"dQw4w9WgXcQ","pauseTime":"2025-07-26T10:16:18.058Z","interval":0.1,"type":"AUTO_PAUSE"},
{"timestamp":"2025-07-26T10:16:26.246Z","videoId":"dQw4w9WgXcQ","pauseTime":"2025-07-26T10:16:26.237Z","interval":0.1,"type":"AUTO_PAUSE"},
{"timestamp":"2025-07-26T10:17:07.411Z","videoId":"dQw4w9WgXcQ","pauseTime":"2025-07-26T10:17:07.405Z","interval":0.1,"type":"AUTO_PAUSE"},
{"timestamp":"2025-07-26T10:17:35.489Z","videoId":"dQw4w9WgXcQ","pauseTime":"2025-07-26T10:17:35.486Z","interval":0.1,"type":"AUTO_PAUSE"},
{"timestamp":"2025-07-26T10:19:57.808Z","videoId":"dQw4w9WgXcQ","pauseTime":"2025-07-26T10:19:57.806Z","interval":0.1,"type":"AUTO_PAUSE"},
<<<<<<< HEAD
{"timestamp":"2025-07-26T10:57:49.625Z","videoId":"94PlBzgeq90","pauseTime":"2025-07-26T10:57:49.608Z","interval":0.1,"type":"AUTO_PAUSE"},
{"timestamp":"2025-07-26T10:58:55.708Z","videoId":"QkdkLdMBuL0","pauseTime":"2025-07-26T10:58:55.703Z","interval":0.1,"type":"AUTO_PAUSE"},
{"timestamp":"2025-07-26T10:59:05.469Z","videoId":"QkdkLdMBuL0","pauseTime":"2025-07-26T10:59:05.466Z","interval":0.1,"type":"AUTO_PAUSE"},
{"timestamp":"2025-07-26T11:08:27.286Z","videoId":"w7lcCg03Zgo","pauseTime":"2025-07-26T11:08:27.283Z","interval":0.1,"position":11.504339,"type":"AUTO_PAUSE"},
{"timestamp":"2025-07-26T11:14:43.294Z","videoId":"Bx4BYXOE9SQ","pauseTime":"2025-07-26T11:14:43.290Z","interval":0.1,"position":5.057945,"type":"AUTO_PAUSE"},
{"timestamp":"2025-07-26T11:14:56.317Z","videoId":"Bx4BYXOE9SQ","pauseTime":"2025-07-26T11:14:56.314Z","interval":0.1,"position":5.911133000000001,"type":"AUTO_PAUSE"},
{"timestamp":"2025-07-26T11:22:44.438Z","videoId":"w7lcCg03Zgo","pauseTime":"2025-07-26T11:22:44.435Z","interval":0.1,"position":"7.52","type":"AUTO_PAUSE"},
=======
{"timestamp":"2025-07-26T10:26:35.113Z","videoId":"dQw4w9WgXcQ","pauseTime":"2025-07-26T10:26:35.086Z","interval":0.1,"type":"AUTO_PAUSE"},
{"timestamp":"2025-07-26T10:27:23.683Z","videoId":"dQw4w9WgXcQ","pauseTime":"2025-07-26T10:27:23.650Z","interval":0.1,"type":"AUTO_PAUSE"},
{"timestamp":"2025-07-26T10:30:16.766Z","videoId":"dQw4w9WgXcQ","pauseTime":"2025-07-26T10:30:16.757Z","interval":0.1,"type":"AUTO_PAUSE"},
{"timestamp":"2025-07-26T10:30:49.263Z","videoId":"dQw4w9WgXcQ","pauseTime":"2025-07-26T10:30:49.256Z","interval":0.1,"type":"AUTO_PAUSE"},
{"timestamp":"2025-07-26T10:32:57.428Z","videoId":"dQw4w9WgXcQ","pauseTime":"2025-07-26T10:32:57.422Z","interval":0.1,"type":"AUTO_PAUSE"},
{"timestamp":"2025-07-26T10:38:14.450Z","videoId":"dQw4w9WgXcQ","pauseTime":"2025-07-26T10:38:14.451Z","interval":0.1,"type":"AUTO_PAUSE"},
{"timestamp":"2025-07-26T10:47:36.542Z","videoId":"dQw4w9WgXcQ","pauseTime":"2025-07-26T10:47:36.536Z","interval":0.02,"type":"AUTO_PAUSE"},
{"timestamp":"2025-07-26T10:47:39.143Z","videoId":"dQw4w9WgXcQ","pauseTime":"2025-07-26T10:47:39.140Z","interval":0.02,"type":"AUTO_PAUSE"},
{"timestamp":"2025-07-26T10:48:17.581Z","videoId":"dQw4w9WgXcQ","pauseTime":"2025-07-26T10:48:17.573Z","interval":0.02,"type":"AUTO_PAUSE"},
{"timestamp":"2025-07-26T10:49:35.290Z","videoId":"dQw4w9WgXcQ","pauseTime":"2025-07-26T10:49:35.283Z","interval":0.02,"type":"AUTO_PAUSE"},
{"timestamp":"2025-07-26T10:50:57.553Z","videoId":"dQw4w9WgXcQ","pauseTime":"2025-07-26T10:50:57.548Z","interval":0.02,"type":"AUTO_PAUSE"},
{"timestamp":"2025-07-26T10:51:07.428Z","videoId":"dQw4w9WgXcQ","pauseTime":"2025-07-26T10:51:07.420Z","interval":0.02,"type":"AUTO_PAUSE"},
{"timestamp":"2025-07-26T10:52:16.953Z","videoId":"dQw4w9WgXcQ","pauseTime":"2025-07-26T10:52:16.949Z","interval":0.02,"type":"AUTO_PAUSE"},
{"timestamp":"2025-07-26T10:54:05.845Z","videoId":"dQw4w9WgXcQ","pauseTime":"2025-07-26T10:54:05.839Z","interval":0.02,"type":"AUTO_PAUSE"},
{"timestamp":"2025-07-26T10:54:51.916Z","videoId":"dQw4w9WgXcQ","pauseTime":"2025-07-26T10:54:51.914Z","interval":0.02,"type":"AUTO_PAUSE"},
{"timestamp":"2025-07-26T10:55:08.217Z","videoId":"dQw4w9WgXcQ","pauseTime":"2025-07-26T10:55:08.212Z","interval":0.02,"type":"AUTO_PAUSE"},
{"timestamp":"2025-07-26T10:56:20.884Z","videoId":"dQw4w9WgXcQ","pauseTime":"2025-07-26T10:56:20.877Z","interval":0.02,"type":"AUTO_PAUSE"},
{"timestamp":"2025-07-26T10:56:41.080Z","videoId":"dQw4w9WgXcQ","pauseTime":"2025-07-26T10:56:41.077Z","interval":0.02,"type":"AUTO_PAUSE"},
{"timestamp":"2025-07-26T10:57:13.849Z","videoId":"dQw4w9WgXcQ","pauseTime":"2025-07-26T10:57:13.845Z","interval":0.02,"type":"AUTO_PAUSE"},
{"timestamp":"2025-07-26T10:57:28.198Z","videoId":"dQw4w9WgXcQ","pauseTime":"2025-07-26T10:57:28.195Z","interval":0.02,"type":"AUTO_PAUSE"},
{"timestamp":"2025-07-26T10:57:43.294Z","videoId":"dQw4w9WgXcQ","pauseTime":"2025-07-26T10:57:43.285Z","interval":0.02,"type":"AUTO_PAUSE"},
{"timestamp":"2025-07-26T11:02:44.482Z","videoId":"dQw4w9WgXcQ","pauseTime":"2025-07-26T11:02:44.473Z","interval":0.02,"type":"AUTO_PAUSE"},
{"timestamp":"2025-07-26T11:06:08.458Z","videoId":"dQw4w9WgXcQ","pauseTime":"2025-07-26T11:06:08.452Z","interval":0.02,"type":"AUTO_PAUSE"},
{"timestamp":"2025-07-26T11:07:31.212Z","videoId":"dQw4w9WgXcQ","pauseTime":"2025-07-26T11:07:31.204Z","interval":0.02,"type":"AUTO_PAUSE"},
{"timestamp":"2025-07-26T11:13:30.189Z","videoId":"dQw4w9WgXcQ","pauseTime":"2025-07-26T11:13:30.182Z","interval":0.02,"type":"AUTO_PAUSE"},
>>>>>>> 1b8b9a31f7d1ccafde7cb18eb0f1de92a7e814d3
{"timestamp":"2025-07-26T12:57:06.786Z","videoId":"iI2NaN_QVTI","pauseTime":"2025-07-26T12:57:06.782Z","interval":0.1,"position":"5.76","type":"AUTO_PAUSE"},
{"timestamp":"2025-07-26T12:57:15.157Z","videoId":"iI2NaN_QVTI","pauseTime":"2025-07-26T12:57:15.154Z","interval":0.1,"position":"11.75","type":"AUTO_PAUSE"},
